0 info it worked if it ends with ok
1 verbose cli [ 'C:\\Program Files\\nodejs\\\\node.exe',
1 verbose cli   'C:\\Program Files\\nodejs\\node_modules\\npm\\bin\\npm-cli.js',
1 verbose cli   'install',
1 verbose cli   '-g',
1 verbose cli   'mongodb' ]
2 info using npm@1.3.5
3 info using node@v0.10.15
4 verbose node symlink C:\Program Files\nodejs\\node.exe
5 verbose cache add [ 'mongodb', null ]
6 verbose cache add name=undefined spec="mongodb" args=["mongodb",null]
7 verbose parsed url { protocol: null,
7 verbose parsed url   slashes: null,
7 verbose parsed url   auth: null,
7 verbose parsed url   host: null,
7 verbose parsed url   port: null,
7 verbose parsed url   hostname: null,
7 verbose parsed url   hash: null,
7 verbose parsed url   search: null,
7 verbose parsed url   query: null,
7 verbose parsed url   pathname: 'mongodb',
7 verbose parsed url   path: 'mongodb',
7 verbose parsed url   href: 'mongodb' }
8 silly lockFile 7f1c982e-mongodb mongodb
9 verbose lock mongodb C:\Users\Kristine\AppData\Roaming\npm-cache\7f1c982e-mongodb.lock
10 silly lockFile 7f1c982e-mongodb mongodb
11 silly lockFile 7f1c982e-mongodb mongodb
12 verbose addNamed [ 'mongodb', '' ]
13 verbose addNamed [ null, '*' ]
14 silly lockFile 886df635-mongodb mongodb@
15 verbose lock mongodb@ C:\Users\Kristine\AppData\Roaming\npm-cache\886df635-mongodb.lock
16 silly addNameRange { name: 'mongodb', range: '*', hasData: false }
17 verbose url raw mongodb
18 verbose url resolving [ 'https://registry.npmjs.org/', './mongodb' ]
19 verbose url resolved https://registry.npmjs.org/mongodb
20 info trying registry request attempt 1 at 07:17:00
21 http GET https://registry.npmjs.org/mongodb
22 info retry will retry, error on last attempt: Error: read ECONNRESET
23 info trying registry request attempt 2 at 07:17:11
24 http GET https://registry.npmjs.org/mongodb
25 info retry will retry, error on last attempt: Error: read ECONNRESET
26 info trying registry request attempt 3 at 07:18:12
27 http GET https://registry.npmjs.org/mongodb
28 silly lockFile 886df635-mongodb mongodb@
29 silly lockFile 886df635-mongodb mongodb@
30 error Error: read ECONNRESET
30 error     at errnoException (net.js:901:11)
30 error     at TCP.onread (net.js:556:19)
31 error If you need help, you may report this log at:
31 error     <http://github.com/isaacs/npm/issues>
31 error or email it to:
31 error     <npm-@googlegroups.com>
32 error System Windows_NT 6.2.9200
33 error command "C:\\Program Files\\nodejs\\\\node.exe" "C:\\Program Files\\nodejs\\node_modules\\npm\\bin\\npm-cli.js" "install" "-g" "mongodb"
34 error cwd E:\Git Repositories\theDoctor
35 error node -v v0.10.15
36 error npm -v 1.3.5
37 error syscall read
38 error code ECONNRESET
39 error errno ECONNRESET
40 verbose exit [ 1, true ]
